<?xml version="1.0" encoding="UTF-8"?>
<!-- Generated by org.testng.reporters.JUnitXMLReporter -->
<testsuite hostname="Mir-PC" ignored="0" name="Logout" tests="27" failures="0" timestamp="20 Jul 2020 02:19:57 GMT" time="0.142" errors="0">
  <testcase name="logoutTest" time="0.002" classname="suiteB.LogoutTest"/>
  <testcase name="logoutTest" time="0.001" classname="suiteB.LogoutTest"/>
  <testcase name="logoutTest" time="0.001" classname="suiteB.LogoutTest"/>
  <testcase name="logoutTest2" time="0.001" classname="suiteB.LogoutTest"/>
  <testcase name="logoutTest2" time="0.003" classname="suiteB.LogoutTest"/>
  <testcase name="logoutTest2" time="0.003" classname="suiteB.LogoutTest"/>
  <testcase name="logoutTest3" time="0.004" classname="suiteB.LogoutTest"/>
  <testcase name="logoutTest3" time="0.006" classname="suiteB.LogoutTest"/>
  <testcase name="logoutTest3" time="0.002" classname="suiteB.LogoutTest"/>
  <testcase name="logoutTest4" time="0.006" classname="suiteB.LogoutTest2"/>
  <testcase name="logoutTest4" time="0.002" classname="suiteB.LogoutTest2"/>
  <testcase name="logoutTest4" time="0.001" classname="suiteB.LogoutTest2"/>
  <testcase name="logoutTest5" time="0.003" classname="suiteB.LogoutTest2"/>
  <testcase name="logoutTest5" time="0.005" classname="suiteB.LogoutTest2"/>
  <testcase name="logoutTest5" time="0.001" classname="suiteB.LogoutTest2"/>
  <testcase name="logoutTest6" time="0.002" classname="suiteB.LogoutTest2"/>
  <testcase name="logoutTest6" time="0.005" classname="suiteB.LogoutTest2"/>
  <testcase name="logoutTest6" time="0.002" classname="suiteB.LogoutTest2"/>
  <testcase name="logoutTest7" time="0.002" classname="suiteB.LogoutTest3"/>
  <testcase name="logoutTest7" time="0.002" classname="suiteB.LogoutTest3"/>
  <testcase name="logoutTest7" time="0.002" classname="suiteB.LogoutTest3"/>
  <testcase name="logoutTest8" time="0.002" classname="suiteB.LogoutTest3"/>
  <testcase name="logoutTest8" time="0.002" classname="suiteB.LogoutTest3"/>
  <testcase name="logoutTest8" time="0.001" classname="suiteB.LogoutTest3"/>
  <testcase name="logoutTest9" time="0.002" classname="suiteB.LogoutTest3"/>
  <testcase name="logoutTest9" time="0.002" classname="suiteB.LogoutTest3"/>
  <testcase name="logoutTest9" time="0.001" classname="suiteB.LogoutTest3"/>
</testsuite> <!-- Logout -->
