<?xml version="1.0" encoding="UTF-8"?>
<!-- Generated by org.testng.reporters.JUnitXMLReporter -->
<testsuite hostname="Mir-PC" ignored="0" name="Prac1" tests="4" failures="1" timestamp="19 Jul 2020 23:51:09 GMT" time="0.233" errors="0">
  <testcase name="compare" time="0.021" classname="practice.Convert_Int_String"/>
  <testcase name="myTest2" time="0.008" classname="practice.SecondTest">
    <failure type="java.lang.AssertionError" message="expected [true] but found [false]">
      <![CDATA[java.lang.AssertionError: expected [true] but found [false]
at practice.SecondTest.myTest2(SecondTest.java:12)
... Removed 31 stack frames]]>
    </failure>
  </testcase> <!-- myTest2 -->
  <testcase name="myTest3" time="0.019" classname="practice.SecondTest"/>
  <testcase name="myTest4" time="0.002" classname="practice.SecondTest"/>
</testsuite> <!-- Prac1 -->
