<?xml version="1.0" encoding="UTF-8"?>
<!-- Generated by org.testng.reporters.JUnitXMLReporter -->
<testsuite hostname="Mir-PC" ignored="0" name="Prac2" tests="10" failures="1" timestamp="19 Jul 2020 23:51:09 GMT" time="0.077" errors="0">
  <testcase name="myTest" time="0.002" classname="practice.FirstTest">
    <failure type="java.lang.AssertionError" message="Hello">
      <![CDATA[java.lang.AssertionError: Hello
at practice.FirstTest.myTest(FirstTest.java:14)
... Removed 26 stack frames]]>
    </failure>
  </testcase> <!-- myTest -->
  <testcase name="login" time="0.002" classname="practice.DataProvider_Example2"/>
  <testcase name="login" time="0.002" classname="practice.DataProvider_Example2"/>
  <testcase name="login" time="0.004" classname="practice.DataProvider_Example2"/>
  <testcase name="logout" time="0.003" classname="practice.DataProvider_Example2"/>
  <testcase name="logout" time="0.004" classname="practice.DataProvider_Example2"/>
  <testcase name="logout" time="0.003" classname="practice.DataProvider_Example2"/>
  <testcase name="login" time="0.002" classname="practice.DataProvider_Example"/>
  <testcase name="login" time="0.003" classname="practice.DataProvider_Example"/>
  <testcase name="login" time="0.005" classname="practice.DataProvider_Example"/>
</testsuite> <!-- Prac2 -->
