<?xml version="1.0" encoding="UTF-8"?>
<!-- Generated by org.testng.reporters.JUnitXMLReporter -->
<testsuite hostname="Mir-PC" ignored="1" name="Default test(failed)(failed)" tests="2" failures="1" timestamp="19 Jul 2020 06:00:29 GMT" time="0.092" errors="0">
  <testcase name="myTest2" time="0.025" classname="practice.SecondTest">
    <failure type="java.lang.AssertionError" message="expected [true] but found [false]">
      <![CDATA[java.lang.AssertionError: expected [true] but found [false]
at practice.SecondTest.myTest2(SecondTest.java:12)
... Removed 31 stack frames]]>
    </failure>
  </testcase> <!-- myTest2 -->
  <testcase name="myTest3" time="0.003" classname="practice.SecondTest"/>
  <testcase name="myTest4" time="0.0" classname="practice.SecondTest">
    <ignored/>
  </testcase> <!-- myTest4 -->
</testsuite> <!-- Default test(failed)(failed) -->
