<?xml version="1.0" encoding="UTF-8"?>
<!-- Generated by org.testng.reporters.JUnitXMLReporter -->
<testsuite hostname="Mir-PC" ignored="0" name="LoginTest" tests="9" failures="3" timestamp="20 Jul 2020 03:40:46 GMT" time="0.194" errors="0">
  <testcase name="loginTest" time="0.019" classname="suiteA.LoginTest">
    <failure type="java.lang.AssertionError" message="Force to fail">
      <![CDATA[java.lang.AssertionError: Force to fail
at suiteA.LoginTest.loginTest(LoginTest.java:14)
at java.util.concurrent.FutureTask.run(FutureTask.java:266)
at java.util.concurrent.ThreadPoolExecutor.runWorker(ThreadPoolExecutor.java:1149)
at java.util.concurrent.ThreadPoolExecutor$Worker.run(ThreadPoolExecutor.java:624)
at java.lang.Thread.run(Thread.java:748)
... Removed 17 stack frames]]>
    </failure>
  </testcase> <!-- loginTest -->
  <testcase name="loginTest" time="0.011" classname="suiteA.LoginTest">
    <failure type="java.lang.AssertionError" message="Force to fail">
      <![CDATA[java.lang.AssertionError: Force to fail
at suiteA.LoginTest.loginTest(LoginTest.java:14)
at java.util.concurrent.FutureTask.run(FutureTask.java:266)
at java.util.concurrent.ThreadPoolExecutor.runWorker(ThreadPoolExecutor.java:1149)
at java.util.concurrent.ThreadPoolExecutor$Worker.run(ThreadPoolExecutor.java:624)
at java.lang.Thread.run(Thread.java:748)
... Removed 17 stack frames]]>
    </failure>
  </testcase> <!-- loginTest -->
  <testcase name="loginTest" time="0.007" classname="suiteA.LoginTest">
    <failure type="java.lang.AssertionError" message="Force to fail">
      <![CDATA[java.lang.AssertionError: Force to fail
at suiteA.LoginTest.loginTest(LoginTest.java:14)
at java.util.concurrent.FutureTask.run(FutureTask.java:266)
at java.util.concurrent.ThreadPoolExecutor.runWorker(ThreadPoolExecutor.java:1149)
at java.util.concurrent.ThreadPoolExecutor$Worker.run(ThreadPoolExecutor.java:624)
at java.lang.Thread.run(Thread.java:748)
... Removed 17 stack frames]]>
    </failure>
  </testcase> <!-- loginTest -->
  <testcase name="loginTest2" time="0.008" classname="suiteA.LoginTest"/>
  <testcase name="loginTest2" time="0.004" classname="suiteA.LoginTest"/>
  <testcase name="loginTest2" time="0.002" classname="suiteA.LoginTest"/>
  <testcase name="loginTest3" time="0.015" classname="suiteA.LoginTest"/>
  <testcase name="loginTest3" time="0.006" classname="suiteA.LoginTest"/>
  <testcase name="loginTest3" time="0.002" classname="suiteA.LoginTest"/>
</testsuite> <!-- LoginTest -->
