<?xml version="1.0" encoding="UTF-8"?>
<!-- Generated by org.testng.reporters.JUnitXMLReporter -->
<testsuite hostname="Mir-PC" ignored="0" name="LoginTest2_3" tests="18" failures="0" timestamp="20 Jul 2020 01:05:33 GMT" time="0.322" errors="0">
  <testcase name="loginTest4" time="0.024" classname="suiteA.LoginTest2"/>
  <testcase name="loginTest4" time="0.004" classname="suiteA.LoginTest2"/>
  <testcase name="loginTest4" time="0.003" classname="suiteA.LoginTest2"/>
  <testcase name="loginTest5" time="0.019" classname="suiteA.LoginTest2"/>
  <testcase name="loginTest5" time="0.013" classname="suiteA.LoginTest2"/>
  <testcase name="loginTest5" time="0.002" classname="suiteA.LoginTest2"/>
  <testcase name="loginTest6" time="0.006" classname="suiteA.LoginTest2"/>
  <testcase name="loginTest6" time="0.002" classname="suiteA.LoginTest2"/>
  <testcase name="loginTest6" time="0.005" classname="suiteA.LoginTest2"/>
  <testcase name="loginTest7" time="0.003" classname="suiteA.LoginTest3"/>
  <testcase name="loginTest7" time="0.008" classname="suiteA.LoginTest3"/>
  <testcase name="loginTest7" time="0.007" classname="suiteA.LoginTest3"/>
  <testcase name="loginTest8" time="0.003" classname="suiteA.LoginTest3"/>
  <testcase name="loginTest8" time="0.003" classname="suiteA.LoginTest3"/>
  <testcase name="loginTest8" time="0.004" classname="suiteA.LoginTest3"/>
  <testcase name="loginTest9" time="0.002" classname="suiteA.LoginTest3"/>
  <testcase name="loginTest9" time="0.002" classname="suiteA.LoginTest3"/>
  <testcase name="loginTest9" time="0.002" classname="suiteA.LoginTest3"/>
</testsuite> <!-- LoginTest2_3 -->
