<?xml version="1.0" encoding="UTF-8"?>
<!-- Generated by org.testng.reporters.JUnitXMLReporter -->
<testsuite hostname="Mir-PC" ignored="0" name="LoginTest3" tests="9" failures="0" timestamp="20 Jul 2020 03:40:46 GMT" time="0.205" errors="0">
  <testcase name="loginTest7" time="0.017" classname="suiteA.LoginTest3"/>
  <testcase name="loginTest7" time="0.004" classname="suiteA.LoginTest3"/>
  <testcase name="loginTest7" time="0.014" classname="suiteA.LoginTest3"/>
  <testcase name="loginTest8" time="0.009" classname="suiteA.LoginTest3"/>
  <testcase name="loginTest8" time="0.006" classname="suiteA.LoginTest3"/>
  <testcase name="loginTest8" time="0.007" classname="suiteA.LoginTest3"/>
  <testcase name="loginTest9" time="0.01" classname="suiteA.LoginTest3"/>
  <testcase name="loginTest9" time="0.003" classname="suiteA.LoginTest3"/>
  <testcase name="loginTest9" time="0.001" classname="suiteA.LoginTest3"/>
</testsuite> <!-- LoginTest3 -->
